<?xml version="1.0" encoding="UTF-8"?>
<testng-results skipped="0" failed="0" ignored="0" total="1" passed="1">
  <reporter-output>
  </reporter-output>
  <suite name="Default suite" duration-ms="13400" started-at="2020-10-27T21:17:25Z" finished-at="2020-10-27T21:17:38Z">
    <groups>
    </groups>
    <test name="Default test" duration-ms="13400" started-at="2020-10-27T21:17:25Z" finished-at="2020-10-27T21:17:38Z">
      <class name="test.test01">
        <test-method status="PASS" signature="test()[pri:0, instance:test.test01@61832929]" name="test" duration-ms="13345" started-at="2020-10-27T21:17:25Z" finished-at="2020-10-27T21:17:38Z">
          <reporter-output>
          </reporter-output>
        </test-method> <!-- test -->
      </class> <!-- test.test01 -->
    </test> <!-- Default test -->
  </suite> <!-- Default suite -->
</testng-results>
