<?xml version="1.0" encoding="UTF-8"?>
<testng-results ignored="0" total="1" passed="1" failed="0" skipped="0">
  <reporter-output>
  </reporter-output>
  <suite started-at="2020-10-28T02:31:00 EDT" name="Default suite" finished-at="2020-10-28T02:31:08 EDT" duration-ms="8186">
    <groups>
    </groups>
    <test started-at="2020-10-28T02:31:00 EDT" name="Default test" finished-at="2020-10-28T02:31:08 EDT" duration-ms="8186">
      <class name="com.instagram.testClasses.TestCase">
        <test-method is-config="true" signature="beforeClass()[pri:0, instance:com.instagram.testClasses.TestCase@a1cdc6d]" started-at="2020-10-28T02:31:00 EDT" name="beforeClass" finished-at="2020-10-28T02:31:07 EDT" duration-ms="7105" status="PASS">
          <reporter-output>
          </reporter-output>
        </test-method> <!-- beforeClass -->
        <test-method signature="test_1()[pri:0, instance:com.instagram.testClasses.TestCase@a1cdc6d]" started-at="2020-10-28T02:31:07 EDT" name="test_1" finished-at="2020-10-28T02:31:07 EDT" duration-ms="417" status="PASS">
          <reporter-output>
          </reporter-output>
        </test-method> <!-- test_1 -->
        <test-method is-config="true" signature="afterClass()[pri:0, instance:com.instagram.testClasses.TestCase@a1cdc6d]" started-at="2020-10-28T02:31:07 EDT" name="afterClass" finished-at="2020-10-28T02:31:08 EDT" duration-ms="630" status="PASS">
          <reporter-output>
          </reporter-output>
        </test-method> <!-- afterClass -->
      </class> <!-- com.instagram.testClasses.TestCase -->
    </test> <!-- Default test -->
  </suite> <!-- Default suite -->
</testng-results>
